{"/Users/deokim/Documents/코딩/project-my/book-wrold/app/scripts/components/CheckboxFavoriteBook.ts": {"path":"/Users/deokim/Documents/코딩/project-my/book-wrold/app/scripts/components/CheckboxFavoriteBook.ts","statementMap":{"0":{"start":{"line":1,"column":0},"end":{"line":1,"column":null}},"1":{"start":{"line":6,"column":0},"end":{"line":6,"column":60}},"2":{"start":{"line":13,"column":8},"end":{"line":13,"column":16}},"3":{"start":{"line":14,"column":8},"end":{"line":14,"column":33}},"4":{"start":{"line":15,"column":8},"end":{"line":15,"column":25}},"5":{"start":{"line":19,"column":28},"end":{"line":19,"column":55}},"6":{"start":{"line":20,"column":8},"end":{"line":24,"column":null}},"7":{"start":{"line":21,"column":12},"end":{"line":23,"column":27}},"8":{"start":{"line":25,"column":8},"end":{"line":25,"column":22}},"9":{"start":{"line":27,"column":8},"end":{"line":27,"column":80}},"10":{"start":{"line":31,"column":8},"end":{"line":31,"column":69}},"11":{"start":{"line":35,"column":21},"end":{"line":35,"column":36}},"12":{"start":{"line":36,"column":24},"end":{"line":36,"column":61}},"13":{"start":{"line":37,"column":8},"end":{"line":40,"column":18}},"14":{"start":{"line":41,"column":8},"end":{"line":41,"column":56}},"15":{"start":{"line":45,"column":21},"end":{"line":45,"column":36}},"16":{"start":{"line":46,"column":8},"end":{"line":46,"column":48}},"17":{"start":{"line":46,"column":41},"end":{"line":46,"column":48}},"18":{"start":{"line":47,"column":8},"end":{"line":51,"column":null}},"19":{"start":{"line":48,"column":12},"end":{"line":48,"column":34}},"20":{"start":{"line":50,"column":12},"end":{"line":50,"column":37}},"21":{"start":{"line":53,"column":8},"end":{"line":53,"column":34}},"22":{"start":{"line":8,"column":0},"end":{"line":8,"column":21}}},"fnMap":{"0":{"name":"(anonymous_0)","decl":{"start":{"line":12,"column":4},"end":{"line":12,"column":null}},"loc":{"start":{"line":12,"column":4},"end":{"line":16,"column":5}}},"1":{"name":"(anonymous_1)","decl":{"start":{"line":18,"column":4},"end":{"line":18,"column":21}},"loc":{"start":{"line":18,"column":21},"end":{"line":28,"column":5}}},"2":{"name":"(anonymous_2)","decl":{"start":{"line":30,"column":4},"end":{"line":30,"column":24}},"loc":{"start":{"line":30,"column":24},"end":{"line":32,"column":5}}},"3":{"name":"(anonymous_3)","decl":{"start":{"line":34,"column":14},"end":{"line":34,"column":20}},"loc":{"start":{"line":34,"column":20},"end":{"line":42,"column":5}}},"4":{"name":"(anonymous_4)","decl":{"start":{"line":44,"column":14},"end":{"line":44,"column":22}},"loc":{"start":{"line":44,"column":22},"end":{"line":54,"column":5}}}},"branchMap":{"0":{"loc":{"start":{"line":20,"column":8},"end":{"line":24,"column":null}},"type":"if","locations":[{"start":{"line":20,"column":8},"end":{"line":24,"column":null}}]},"1":{"loc":{"start":{"line":27,"column":8},"end":{"line":27,"column":79}},"type":"cond-expr","locations":[{"start":{"line":27,"column":25},"end":{"line":27,"column":27}},{"start":{"line":27,"column":25},"end":{"line":27,"column":79}}]},"2":{"loc":{"start":{"line":27,"column":8},"end":{"line":27,"column":27}},"type":"binary-expr","locations":[{"start":{"line":27,"column":8},"end":{"line":27,"column":27}},{"start":{"line":27,"column":25},"end":{"line":27,"column":27}}]},"3":{"loc":{"start":{"line":31,"column":8},"end":{"line":31,"column":68}},"type":"cond-expr","locations":[{"start":{"line":31,"column":25},"end":{"line":31,"column":27}},{"start":{"line":31,"column":25},"end":{"line":31,"column":68}}]},"4":{"loc":{"start":{"line":31,"column":8},"end":{"line":31,"column":27}},"type":"binary-expr","locations":[{"start":{"line":31,"column":8},"end":{"line":31,"column":27}},{"start":{"line":31,"column":25},"end":{"line":31,"column":27}}]},"5":{"loc":{"start":{"line":35,"column":21},"end":{"line":35,"column":36}},"type":"binary-expr","locations":[{"start":{"line":35,"column":21},"end":{"line":35,"column":30}},{"start":{"line":35,"column":34},"end":{"line":35,"column":36}}]},"6":{"loc":{"start":{"line":36,"column":24},"end":{"line":36,"column":61}},"type":"cond-expr","locations":[{"start":{"line":36,"column":47},"end":{"line":36,"column":56}},{"start":{"line":36,"column":59},"end":{"line":36,"column":61}}]},"7":{"loc":{"start":{"line":45,"column":21},"end":{"line":45,"column":36}},"type":"binary-expr","locations":[{"start":{"line":45,"column":21},"end":{"line":45,"column":30}},{"start":{"line":45,"column":34},"end":{"line":45,"column":36}}]},"8":{"loc":{"start":{"line":46,"column":8},"end":{"line":46,"column":48}},"type":"if","locations":[{"start":{"line":46,"column":8},"end":{"line":46,"column":48}}]},"9":{"loc":{"start":{"line":46,"column":12},"end":{"line":46,"column":39}},"type":"binary-expr","locations":[{"start":{"line":46,"column":12},"end":{"line":46,"column":17}},{"start":{"line":46,"column":21},"end":{"line":46,"column":39}}]},"10":{"loc":{"start":{"line":47,"column":8},"end":{"line":51,"column":null}},"type":"if","locations":[{"start":{"line":47,"column":8},"end":{"line":51,"column":null}},{"start":{"line":49,"column":15},"end":{"line":51,"column":null}}]}},"s":{"0":1,"1":1,"2":9,"3":9,"4":9,"5":8,"6":8,"7":5,"8":8,"9":8,"10":8,"11":8,"12":8,"13":8,"14":8,"15":3,"16":3,"17":1,"18":2,"19":1,"20":1,"21":2,"22":1},"f":{"0":9,"1":8,"2":8,"3":8,"4":3},"b":{"0":[5],"1":[0,8],"2":[8,8],"3":[1,7],"4":[8,7],"5":[8,3],"6":[3,5],"7":[3,1],"8":[1],"9":[3,2],"10":[1,1]}}
}
