TN:
SF:app/scripts/components/CheckboxFavoriteBook.ts
FN:12,(anonymous_0)
FN:18,(anonymous_1)
FN:30,(anonymous_2)
FN:34,(anonymous_3)
FN:44,(anonymous_4)
FNF:5
FNH:5
FNDA:9,(anonymous_0)
FNDA:8,(anonymous_1)
FNDA:8,(anonymous_2)
FNDA:8,(anonymous_3)
FNDA:3,(anonymous_4)
DA:1,1
DA:6,1
DA:8,1
DA:13,9
DA:14,9
DA:15,9
DA:19,8
DA:20,8
DA:21,5
DA:25,8
DA:27,8
DA:31,8
DA:35,8
DA:36,8
DA:37,8
DA:41,8
DA:45,3
DA:46,3
DA:47,2
DA:48,1
DA:50,1
DA:53,2
LF:22
LH:22
BRDA:20,0,0,5
BRDA:27,1,0,0
BRDA:27,1,1,8
BRDA:27,2,0,8
BRDA:27,2,1,8
BRDA:31,3,0,1
BRDA:31,3,1,7
BRDA:31,4,0,8
BRDA:31,4,1,7
BRDA:35,5,0,8
BRDA:35,5,1,3
BRDA:36,6,0,3
BRDA:36,6,1,5
BRDA:45,7,0,3
BRDA:45,7,1,1
BRDA:46,8,0,1
BRDA:46,9,0,3
BRDA:46,9,1,2
BRDA:47,10,0,1
BRDA:47,10,1,1
BRF:20
BRH:19
end_of_record
