TN:
SF:app/scripts/components/BookDescription.ts
FN:5,(anonymous_0)
FN:11,(anonymous_1)
FN:15,(anonymous_2)
FN:19,(anonymous_3)
FN:27,(anonymous_4)
FN:51,(anonymous_5)
FNF:6
FNH:6
FNDA:3,(anonymous_0)
FNDA:3,(anonymous_1)
FNDA:3,(anonymous_2)
FNDA:3,(anonymous_3)
FNDA:6,(anonymous_4)
FNDA:4,(anonymous_5)
DA:1,1
DA:6,3
DA:7,3
DA:8,3
DA:12,3
DA:16,3
DA:20,3
DA:21,3
DA:28,6
DA:31,6
DA:33,6
DA:34,6
DA:36,6
DA:37,6
DA:52,4
DA:54,2
DA:56,1
DA:57,1
DA:58,1
DA:60,1
DA:61,1
DA:62,1
LF:22
LH:22
BRDA:20,0,0,3
BRDA:36,1,0,6
BRDA:52,2,0,2
BRDA:54,3,0,1
BRDA:54,3,1,1
BRDA:57,4,0,1
BRDA:61,5,0,1
BRF:7
BRH:7
end_of_record
TN:
SF:app/scripts/components/BookImage.ts
FN:2,(anonymous_0)
FN:7,(anonymous_1)
FN:16,(anonymous_2)
FN:21,(anonymous_3)
FN:46,(anonymous_4)
FN:48,(anonymous_5)
FNF:6
FNH:0
FNDA:0,(anonymous_0)
FNDA:0,(anonymous_1)
FNDA:0,(anonymous_2)
FNDA:0,(anonymous_3)
FNDA:0,(anonymous_4)
FNDA:0,(anonymous_5)
DA:1,0
DA:3,0
DA:8,0
DA:10,0
DA:11,0
DA:12,0
DA:17,0
DA:22,0
DA:26,0
DA:27,0
DA:29,0
DA:30,0
DA:31,0
DA:32,0
DA:35,0
DA:40,0
DA:41,0
DA:42,0
DA:47,0
DA:48,0
DA:49,0
DA:50,0
LF:22
LH:0
BRDA:11,0,0,0
BRDA:11,1,0,0
BRDA:11,1,1,0
BRDA:22,2,0,0
BRDA:22,2,1,0
BRDA:29,3,0,0
BRDA:41,4,0,0
BRDA:41,5,0,0
BRDA:41,5,1,0
BRDA:47,6,0,0
BRF:10
BRH:0
end_of_record
TN:
SF:app/scripts/components/CheckboxFavoriteBook.ts
FN:12,(anonymous_0)
FN:18,(anonymous_1)
FN:27,(anonymous_2)
FN:31,(anonymous_3)
FN:41,(anonymous_4)
FNF:5
FNH:0
FNDA:0,(anonymous_0)
FNDA:0,(anonymous_1)
FNDA:0,(anonymous_2)
FNDA:0,(anonymous_3)
FNDA:0,(anonymous_4)
DA:1,0
DA:6,0
DA:8,0
DA:13,0
DA:14,0
DA:15,0
DA:19,0
DA:20,0
DA:23,0
DA:24,0
DA:28,0
DA:32,0
DA:33,0
DA:34,0
DA:38,0
DA:42,0
DA:43,0
DA:44,0
DA:46,0
DA:49,0
LF:20
LH:0
BRDA:24,0,0,0
BRDA:24,0,1,0
BRDA:24,1,0,0
BRDA:24,1,1,0
BRDA:28,2,0,0
BRDA:28,2,1,0
BRDA:28,3,0,0
BRDA:28,3,1,0
BRDA:32,4,0,0
BRDA:32,4,1,0
BRDA:33,5,0,0
BRDA:33,5,1,0
BRDA:42,6,0,0
BRDA:42,6,1,0
BRDA:43,7,0,0
BRDA:43,7,1,0
BRDA:43,8,0,0
BRDA:43,8,1,0
BRDA:43,9,0,0
BRDA:43,9,1,0
BRF:20
BRH:0
end_of_record
TN:
SF:app/scripts/components/LibraryBookExist.ts
FN:7,(anonymous_7)
FN:13,(anonymous_8)
FN:17,(anonymous_9)
FN:28,(anonymous_11)
FN:28,(anonymous_12)
FN:56,(anonymous_13)
FN:86,(anonymous_14)
FN:95,(anonymous_15)
FN:99,(anonymous_16)
FN:104,(anonymous_17)
FNF:10
FNH:0
FNDA:0,(anonymous_7)
FNDA:0,(anonymous_8)
FNDA:0,(anonymous_9)
FNDA:0,(anonymous_11)
FNDA:0,(anonymous_12)
FNDA:0,(anonymous_13)
FNDA:0,(anonymous_14)
FNDA:0,(anonymous_15)
FNDA:0,(anonymous_16)
FNDA:0,(anonymous_17)
DA:1,0
DA:3,0
DA:8,0
DA:9,0
DA:10,0
DA:14,0
DA:22,0
DA:23,0
DA:24,0
DA:25,0
DA:28,0
DA:29,0
DA:30,0
DA:33,0
DA:35,0
DA:36,0
DA:40,0
DA:41,0
DA:42,0
DA:44,0
DA:61,0
DA:63,0
DA:64,0
DA:65,0
DA:66,0
DA:68,0
DA:70,0
DA:71,0
DA:72,0
DA:74,0
DA:75,0
DA:76,0
DA:78,0
DA:81,0
DA:82,0
DA:87,0
DA:88,0
DA:89,0
DA:90,0
DA:92,0
DA:96,0
DA:99,0
DA:100,0
DA:105,0
LF:44
LH:0
BRDA:24,0,0,0
BRDA:63,1,0,0
BRDA:63,1,1,0
BRDA:65,2,0,0
BRDA:66,3,0,0
BRDA:66,3,1,0
BRDA:71,4,0,0
BRDA:75,5,0,0
BRDA:81,6,0,0
BRF:9
BRH:0
end_of_record
TN:
SF:app/scripts/components/NavGnb.ts
FN:6,(anonymous_0)
FN:11,(anonymous_1)
FN:17,(anonymous_2)
FN:21,(anonymous_3)
FN:25,(anonymous_4)
FN:35,(anonymous_5)
FNF:6
FNH:0
FNDA:0,(anonymous_0)
FNDA:0,(anonymous_1)
FNDA:0,(anonymous_2)
FNDA:0,(anonymous_3)
FNDA:0,(anonymous_4)
FNDA:0,(anonymous_5)
DA:1,0
DA:3,0
DA:7,0
DA:8,0
DA:12,0
DA:13,0
DA:22,0
DA:26,0
DA:36,0
DA:37,0
DA:38,0
LF:11
LH:0
BRDA:38,0,0,0
BRF:1
BRH:0
end_of_record
TN:
SF:app/scripts/components/index.ts
FN:1,(anonymous_1)
FN:2,(anonymous_2)
FN:3,(anonymous_3)
FN:4,(anonymous_4)
FN:5,(anonymous_5)
FNF:5
FNH:0
FNDA:0,(anonymous_1)
FNDA:0,(anonymous_2)
FNDA:0,(anonymous_3)
FNDA:0,(anonymous_4)
FNDA:0,(anonymous_5)
DA:1,0
DA:2,0
DA:3,0
DA:4,0
DA:5,0
LF:5
LH:0
BRF:0
BRH:0
end_of_record
TN:
SF:app/scripts/modules/events.ts
FN:3,(anonymous_0)
FNF:1
FNH:0
FNDA:0,(anonymous_0)
DA:1,0
DA:3,0
DA:6,0
DA:7,0
LF:4
LH:0
BRDA:4,0,0,0
BRF:1
BRH:0
end_of_record
TN:
SF:app/scripts/modules/model.ts
FN:1,(anonymous_0)
FN:13,(anonymous_1)
FN:24,(anonymous_2)
FN:40,(anonymous_3)
FN:45,(anonymous_4)
FN:53,(anonymous_5)
FN:57,(anonymous_6)
FN:62,(anonymous_7)
FN:67,(anonymous_8)
FN:71,(anonymous_9)
FN:76,(anonymous_10)
FN:81,(anonymous_11)
FN:90,(anonymous_12)
FNF:13
FNH:13
FNDA:1,(anonymous_0)
FNDA:13,(anonymous_1)
FNDA:4,(anonymous_2)
FNDA:1,(anonymous_3)
FNDA:1,(anonymous_4)
FNDA:2,(anonymous_5)
FNDA:1,(anonymous_6)
FNDA:1,(anonymous_7)
FNDA:2,(anonymous_8)
FNDA:2,(anonymous_9)
FNDA:1,(anonymous_10)
FNDA:1,(anonymous_11)
FNDA:1,(anonymous_12)
DA:1,1
DA:2,1
DA:5,1
DA:11,1
DA:13,1
DA:14,13
DA:15,13
DA:17,1
DA:24,1
DA:25,4
DA:26,4
DA:27,3
DA:28,2
DA:29,2
DA:31,1
DA:33,1
DA:34,1
DA:38,1
DA:40,1
DA:41,1
DA:42,1
DA:45,1
DA:46,1
DA:47,1
DA:48,1
DA:49,1
DA:53,1
DA:54,2
DA:57,1
DA:58,1
DA:59,1
DA:62,1
DA:63,1
DA:64,1
DA:67,1
DA:68,2
DA:71,1
DA:72,2
DA:73,2
DA:76,1
DA:77,1
DA:78,1
DA:81,1
DA:86,1
DA:87,1
DA:90,1
DA:91,1
DA:92,1
DA:96,1
DA:97,1
DA:98,1
DA:99,1
DA:100,1
DA:101,1
DA:102,1
DA:103,1
DA:104,1
DA:105,1
DA:106,1
DA:107,1
DA:108,1
LF:61
LH:61
BRDA:27,0,0,2
BRDA:47,1,0,1
BRF:2
BRH:2
end_of_record
TN:
SF:app/scripts/pages/book/Book.ts
FN:8,(anonymous_7)
FN:14,(anonymous_8)
FN:20,(anonymous_9)
FN:34,(anonymous_11)
FN:56,(anonymous_12)
FN:59,(anonymous_13)
FN:63,(anonymous_14)
FN:97,(anonymous_15)
FNF:8
FNH:0
FNDA:0,(anonymous_7)
FNDA:0,(anonymous_8)
FNDA:0,(anonymous_9)
FNDA:0,(anonymous_11)
FNDA:0,(anonymous_12)
FNDA:0,(anonymous_13)
FNDA:0,(anonymous_14)
FNDA:0,(anonymous_15)
DA:2,0
DA:4,0
DA:9,0
DA:10,0
DA:11,0
DA:15,0
DA:16,0
DA:17,0
DA:21,0
DA:22,0
DA:25,0
DA:26,0
DA:28,0
DA:29,0
DA:30,0
DA:35,0
DA:52,0
DA:54,0
DA:56,0
DA:58,0
DA:59,0
DA:61,0
DA:64,0
DA:68,0
DA:69,0
DA:70,0
DA:71,0
DA:72,0
DA:74,0
DA:75,0
DA:77,0
DA:79,0
DA:81,0
DA:83,0
DA:86,0
DA:87,0
DA:88,0
DA:94,0
DA:98,0
LF:39
LH:0
BRDA:35,0,0,0
BRDA:87,1,0,0
BRF:2
BRH:0
end_of_record
TN:
SF:app/scripts/pages/book/LibrarySearchByBook.ts
FN:5,(anonymous_7)
FN:9,(anonymous_8)
FN:14,(anonymous_9)
FN:20,(anonymous_11)
FN:26,(anonymous_12)
FN:49,(anonymous_14)
FN:61,(anonymous_15)
FN:90,(anonymous_16)
FN:105,(anonymous_18)
FNF:9
FNH:0
FNDA:0,(anonymous_7)
FNDA:0,(anonymous_8)
FNDA:0,(anonymous_9)
FNDA:0,(anonymous_11)
FNDA:0,(anonymous_12)
FNDA:0,(anonymous_14)
FNDA:0,(anonymous_15)
FNDA:0,(anonymous_16)
FNDA:0,(anonymous_18)
DA:1,0
DA:2,0
DA:4,0
DA:6,0
DA:10,0
DA:11,0
DA:15,0
DA:16,0
DA:17,0
DA:18,0
DA:19,0
DA:20,0
DA:21,0
DA:31,0
DA:36,0
DA:38,0
DA:39,0
DA:42,0
DA:44,0
DA:45,0
DA:53,0
DA:55,0
DA:56,0
DA:58,0
DA:59,0
DA:61,0
DA:62,0
DA:65,0
DA:67,0
DA:70,0
DA:71,0
DA:73,0
DA:74,0
DA:75,0
DA:77,0
DA:83,0
DA:86,0
DA:87,0
DA:95,0
DA:96,0
DA:97,0
DA:98,0
DA:99,0
DA:100,0
DA:109,0
DA:113,0
DA:115,0
DA:116,0
DA:120,0
DA:122,0
DA:123,0
LF:51
LH:0
BRDA:18,0,0,0
BRDA:53,1,0,0
BRDA:56,2,0,0
BRDA:65,3,0,0
BRDA:67,4,0,0
BRDA:67,4,1,0
BRDA:67,5,0,0
BRDA:67,5,1,0
BRDA:71,6,0,0
BRDA:97,7,0,0
BRDA:98,8,0,0
BRDA:98,8,1,0
BRDA:99,9,0,0
BRDA:99,10,0,0
BRDA:99,10,1,0
BRF:15
BRH:0
end_of_record
TN:
SF:app/scripts/pages/book/index.ts
FNF:0
FNH:0
DA:1,0
DA:7,0
DA:8,0
DA:10,0
DA:11,0
DA:12,0
DA:13,0
DA:14,0
LF:8
LH:0
BRF:0
BRH:0
end_of_record
TN:
SF:app/scripts/pages/favorite/Favorite.ts
FN:24,(anonymous_0)
FN:20,(anonymous_1)
FN:34,(anonymous_2)
FN:57,(anonymous_3)
FN:70,(anonymous_4)
FN:76,(anonymous_5)
FN:87,(anonymous_6)
FNF:7
FNH:0
FNDA:0,(anonymous_0)
FNDA:0,(anonymous_1)
FNDA:0,(anonymous_2)
FNDA:0,(anonymous_3)
FNDA:0,(anonymous_4)
FNDA:0,(anonymous_5)
FNDA:0,(anonymous_6)
DA:2,0
DA:4,0
DA:21,0
DA:25,0
DA:27,0
DA:50,0
DA:51,0
DA:52,0
DA:54,0
DA:71,0
DA:73,0
DA:75,0
DA:76,0
DA:77,0
DA:78,0
DA:79,0
DA:80,0
DA:84,0
DA:89,0
DA:91,0
DA:92,0
DA:93,0
DA:94,0
LF:23
LH:0
BRDA:50,0,0,0
BRDA:75,1,0,0
BRDA:77,2,0,0
BRDA:91,3,0,0
BRF:4
BRH:0
end_of_record
TN:
SF:app/scripts/pages/favorite/FavoriteItem.ts
FN:14,(anonymous_7)
FN:22,(anonymous_8)
FN:29,(anonymous_9)
FN:34,(anonymous_10)
FN:46,(anonymous_12)
FN:98,(anonymous_13)
FN:106,(anonymous_14)
FN:119,(anonymous_15)
FN:123,(anonymous_16)
FN:127,(anonymous_17)
FNF:10
FNH:0
FNDA:0,(anonymous_7)
FNDA:0,(anonymous_8)
FNDA:0,(anonymous_9)
FNDA:0,(anonymous_10)
FNDA:0,(anonymous_12)
FNDA:0,(anonymous_13)
FNDA:0,(anonymous_14)
FNDA:0,(anonymous_15)
FNDA:0,(anonymous_16)
FNDA:0,(anonymous_17)
DA:1,0
DA:2,0
DA:9,0
DA:15,0
DA:16,0
DA:19,0
DA:23,0
DA:24,0
DA:25,0
DA:26,0
DA:30,0
DA:31,0
DA:35,0
DA:36,0
DA:37,0
DA:38,0
DA:40,0
DA:41,0
DA:42,0
DA:54,0
DA:68,0
DA:70,0
DA:72,0
DA:73,0
DA:74,0
DA:75,0
DA:76,0
DA:78,0
DA:80,0
DA:83,0
DA:84,0
DA:85,0
DA:87,0
DA:88,0
DA:89,0
DA:95,0
DA:99,0
DA:100,0
DA:102,0
DA:107,0
DA:109,0
DA:110,0
DA:111,0
DA:120,0
DA:124,0
DA:128,0
DA:129,0
LF:47
LH:0
BRDA:84,0,0,0
BRDA:88,1,0,0
BRDA:107,2,0,0
BRDA:107,2,1,0
BRDA:110,3,0,0
BRF:5
BRH:0
end_of_record
TN:
SF:app/scripts/pages/favorite/index.ts
FNF:0
FNH:0
DA:1,0
DA:9,0
DA:10,0
DA:12,0
DA:13,0
DA:14,0
DA:15,0
DA:16,0
DA:17,0
DA:18,0
LF:10
LH:0
BRF:0
BRH:0
end_of_record
TN:
SF:app/scripts/pages/library/Library.ts
FN:8,(anonymous_7)
FN:13,(anonymous_8)
FN:20,(anonymous_9)
FN:27,(anonymous_10)
FN:40,(anonymous_12)
FN:55,(anonymous_13)
FN:75,(anonymous_14)
FN:86,(anonymous_15)
FNF:8
FNH:0
FNDA:0,(anonymous_7)
FNDA:0,(anonymous_8)
FNDA:0,(anonymous_9)
FNDA:0,(anonymous_10)
FNDA:0,(anonymous_12)
FNDA:0,(anonymous_13)
FNDA:0,(anonymous_14)
FNDA:0,(anonymous_15)
DA:1,0
DA:2,0
DA:5,0
DA:9,0
DA:10,0
DA:14,0
DA:21,0
DA:28,0
DA:29,0
DA:30,0
DA:33,0
DA:35,0
DA:36,0
DA:44,0
DA:46,0
DA:47,0
DA:48,0
DA:52,0
DA:54,0
DA:56,0
DA:57,0
DA:58,0
DA:59,0
DA:60,0
DA:61,0
DA:63,0
DA:66,0
DA:71,0
DA:72,0
DA:77,0
DA:79,0
DA:80,0
DA:81,0
DA:82,0
DA:89,0
DA:90,0
LF:36
LH:0
BRDA:46,0,0,0
BRDA:56,1,0,0
BRDA:59,2,0,0
BRDA:59,2,1,0
BRDA:79,3,0,0
BRF:5
BRH:0
end_of_record
TN:
SF:app/scripts/pages/library/LibraryItem.ts
FN:8,(anonymous_0)
FN:14,(anonymous_1)
FN:19,(anonymous_2)
FN:23,(anonymous_3)
FN:27,(anonymous_4)
FN:43,(anonymous_5)
FNF:6
FNH:0
FNDA:0,(anonymous_0)
FNDA:0,(anonymous_1)
FNDA:0,(anonymous_2)
FNDA:0,(anonymous_3)
FNDA:0,(anonymous_4)
FNDA:0,(anonymous_5)
DA:1,0
DA:3,0
DA:4,0
DA:5,0
DA:6,0
DA:9,0
DA:10,0
DA:15,0
DA:16,0
DA:20,0
DA:24,0
DA:25,0
DA:27,0
DA:28,0
DA:29,0
DA:30,0
DA:34,0
DA:35,0
DA:37,0
DA:38,0
DA:40,0
DA:44,0
DA:45,0
DA:46,0
DA:48,0
LF:25
LH:0
BRDA:16,0,0,0
BRDA:16,0,1,0
BRDA:16,1,0,0
BRDA:16,1,1,0
BRDA:20,2,0,0
BRDA:20,2,1,0
BRDA:20,3,0,0
BRDA:20,3,1,0
BRDA:24,4,0,0
BRDA:24,4,1,0
BRDA:29,5,0,0
BRDA:35,6,0,0
BRDA:40,7,0,0
BRDA:45,8,0,0
BRDA:45,8,1,0
BRF:15
BRH:0
end_of_record
TN:
SF:app/scripts/pages/library/LibraryRegion.ts
FN:7,(anonymous_0)
FN:12,(anonymous_1)
FN:20,(anonymous_2)
FN:24,(anonymous_3)
FN:56,(anonymous_4)
FN:59,(anonymous_5)
FN:60,(anonymous_6)
FN:69,(anonymous_7)
FN:85,(anonymous_8)
FNF:9
FNH:0
FNDA:0,(anonymous_0)
FNDA:0,(anonymous_1)
FNDA:0,(anonymous_2)
FNDA:0,(anonymous_3)
FNDA:0,(anonymous_4)
FNDA:0,(anonymous_5)
FNDA:0,(anonymous_6)
FNDA:0,(anonymous_7)
FNDA:0,(anonymous_8)
DA:1,0
DA:2,0
DA:4,0
DA:8,0
DA:9,0
DA:13,0
DA:14,0
DA:21,0
DA:25,0
DA:27,0
DA:30,0
DA:32,0
DA:34,0
DA:35,0
DA:36,0
DA:37,0
DA:38,0
DA:40,0
DA:41,0
DA:42,0
DA:43,0
DA:44,0
DA:47,0
DA:49,0
DA:50,0
DA:52,0
DA:53,0
DA:58,0
DA:59,0
DA:60,0
DA:61,0
DA:62,0
DA:63,0
DA:70,0
DA:71,0
DA:72,0
DA:73,0
DA:74,0
DA:75,0
DA:76,0
DA:78,0
DA:81,0
DA:82,0
DA:86,0
DA:87,0
LF:45
LH:0
BRDA:27,0,0,0
BRDA:37,1,0,0
BRDA:37,2,0,0
BRDA:37,2,1,0
BRDA:41,3,0,0
BRDA:43,4,0,0
BRDA:61,5,0,0
BRF:7
BRH:0
end_of_record
TN:
SF:app/scripts/pages/library/index.ts
FNF:0
FNH:0
DA:1,0
DA:3,0
DA:4,0
DA:5,0
DA:7,0
DA:8,0
DA:9,0
DA:10,0
LF:8
LH:0
BRF:0
BRH:0
end_of_record
TN:
SF:app/scripts/pages/search/AppSearch.ts
FN:4,(anonymous_0)
FN:8,(anonymous_1)
FN:13,(anonymous_2)
FN:17,(anonymous_3)
FN:21,(anonymous_4)
FNF:5
FNH:0
FNDA:0,(anonymous_0)
FNDA:0,(anonymous_1)
FNDA:0,(anonymous_2)
FNDA:0,(anonymous_3)
FNDA:0,(anonymous_4)
DA:1,0
DA:3,0
DA:5,0
DA:9,0
DA:10,0
DA:14,0
DA:18,0
DA:22,0
DA:23,0
DA:24,0
LF:10
LH:0
BRF:0
BRH:0
end_of_record
TN:
SF:app/scripts/pages/search/BookItem.ts
FN:14,(anonymous_0)
FN:19,(anonymous_1)
FN:37,(anonymous_2)
FN:45,(anonymous_3)
FN:97,(anonymous_4)
FN:110,(anonymous_5)
FNF:6
FNH:0
FNDA:0,(anonymous_0)
FNDA:0,(anonymous_1)
FNDA:0,(anonymous_2)
FNDA:0,(anonymous_3)
FNDA:0,(anonymous_4)
FNDA:0,(anonymous_5)
DA:1,0
DA:8,0
DA:15,0
DA:16,0
DA:20,0
DA:23,0
DA:25,0
DA:27,0
DA:31,0
DA:38,0
DA:42,0
DA:57,0
DA:59,0
DA:64,0
DA:65,0
DA:67,0
DA:68,0
DA:70,0
DA:71,0
DA:73,0
DA:74,0
DA:76,0
DA:77,0
DA:80,0
DA:81,0
DA:83,0
DA:84,0
DA:86,0
DA:87,0
DA:88,0
DA:94,0
DA:98,0
DA:100,0
DA:101,0
DA:102,0
DA:111,0
DA:112,0
LF:37
LH:0
BRDA:65,0,0,0
BRDA:68,1,0,0
BRDA:71,2,0,0
BRDA:74,3,0,0
BRDA:77,4,0,0
BRDA:81,5,0,0
BRDA:84,6,0,0
BRDA:87,7,0,0
BRDA:98,8,0,0
BRDA:98,8,1,0
BRDA:101,9,0,0
BRF:11
BRH:0
end_of_record
TN:
SF:app/scripts/pages/search/BookList.ts
FN:11,(anonymous_7)
FN:17,(anonymous_8)
FN:22,(anonymous_9)
FN:26,(anonymous_10)
FN:34,(anonymous_11)
FN:39,(anonymous_12)
FN:45,(anonymous_13)
FN:60,(anonymous_14)
FN:66,(anonymous_15)
FN:71,(anonymous_16)
FN:86,(anonymous_18)
FN:107,(anonymous_19)
FN:128,(anonymous_20)
FN:131,(anonymous_21)
FN:147,(anonymous_22)
FNF:15
FNH:0
FNDA:0,(anonymous_7)
FNDA:0,(anonymous_8)
FNDA:0,(anonymous_9)
FNDA:0,(anonymous_10)
FNDA:0,(anonymous_11)
FNDA:0,(anonymous_12)
FNDA:0,(anonymous_13)
FNDA:0,(anonymous_14)
FNDA:0,(anonymous_15)
FNDA:0,(anonymous_16)
FNDA:0,(anonymous_18)
FNDA:0,(anonymous_19)
FNDA:0,(anonymous_20)
FNDA:0,(anonymous_21)
FNDA:0,(anonymous_22)
DA:2,0
DA:4,0
DA:12,0
DA:13,0
DA:14,0
DA:18,0
DA:19,0
DA:23,0
DA:27,0
DA:28,0
DA:35,0
DA:36,0
DA:40,0
DA:41,0
DA:42,0
DA:46,0
DA:47,0
DA:48,0
DA:50,0
DA:52,0
DA:53,0
DA:57,0
DA:61,0
DA:62,0
DA:63,0
DA:67,0
DA:68,0
DA:72,0
DA:74,0
DA:77,0
DA:78,0
DA:79,0
DA:81,0
DA:82,0
DA:87,0
DA:88,0
DA:90,0
DA:91,0
DA:93,0
DA:95,0
DA:96,0
DA:97,0
DA:100,0
DA:102,0
DA:103,0
DA:114,0
DA:120,0
DA:121,0
DA:124,0
DA:129,0
DA:131,0
DA:133,0
DA:137,0
DA:138,0
DA:139,0
DA:140,0
DA:141,0
DA:144,0
DA:149,0
DA:151,0
DA:152,0
DA:153,0
DA:154,0
LF:63
LH:0
BRDA:35,0,0,0
BRDA:35,0,1,0
BRDA:35,1,0,0
BRDA:35,1,1,0
BRDA:50,2,0,0
BRDA:72,3,0,0
BRDA:95,4,0,0
BRDA:102,5,0,0
BRDA:103,6,0,0
BRDA:103,6,1,0
BRDA:103,7,0,0
BRDA:103,7,1,0
BRDA:137,8,0,0
BRDA:151,9,0,0
BRF:14
BRH:0
end_of_record
TN:
SF:app/scripts/pages/search/InputSearch.ts
FN:7,(anonymous_0)
FN:13,(anonymous_1)
FN:17,(anonymous_2)
FN:21,(anonymous_3)
FNF:4
FNH:0
FNDA:0,(anonymous_0)
FNDA:0,(anonymous_1)
FNDA:0,(anonymous_2)
FNDA:0,(anonymous_3)
DA:1,0
DA:3,0
DA:8,0
DA:9,0
DA:10,0
DA:14,0
DA:18,0
DA:22,0
DA:24,0
DA:26,0
DA:28,0
DA:30,0
DA:31,0
DA:32,0
DA:34,0
DA:36,0
LF:16
LH:0
BRDA:26,0,0,0
BRF:1
BRH:0
end_of_record
TN:
SF:app/scripts/pages/search/index.ts
FNF:0
FNH:0
DA:1,0
DA:9,0
DA:10,0
DA:11,0
DA:12,0
DA:15,0
DA:16,0
DA:17,0
DA:18,0
DA:19,0
DA:20,0
DA:21,0
DA:22,0
DA:23,0
LF:14
LH:0
BRF:0
BRH:0
end_of_record
TN:
SF:app/scripts/pages/setting/AppSetting.ts
FN:3,(anonymous_0)
FNF:1
FNH:0
FNDA:0,(anonymous_0)
DA:2,0
DA:4,0
LF:2
LH:0
BRF:0
BRH:0
end_of_record
TN:
SF:app/scripts/pages/setting/FavoriteRegions.ts
FN:7,(anonymous_0)
FN:12,(anonymous_1)
FN:17,(anonymous_2)
FN:21,(anonymous_3)
FN:35,(anonymous_4)
FN:37,(anonymous_5)
FNF:6
FNH:0
FNDA:0,(anonymous_0)
FNDA:0,(anonymous_1)
FNDA:0,(anonymous_2)
FNDA:0,(anonymous_3)
FNDA:0,(anonymous_4)
FNDA:0,(anonymous_5)
DA:1,0
DA:2,0
DA:4,0
DA:8,0
DA:9,0
DA:13,0
DA:14,0
DA:18,0
DA:22,0
DA:23,0
DA:24,0
DA:25,0
DA:26,0
DA:27,0
DA:28,0
DA:29,0
DA:30,0
DA:36,0
DA:37,0
DA:38,0
DA:39,0
DA:40,0
DA:42,0
LF:23
LH:0
BRDA:26,0,0,0
BRF:1
BRH:0
end_of_record
TN:
SF:app/scripts/pages/setting/SetDetailRegion.ts
FN:13,(anonymous_0)
FN:19,(anonymous_1)
FN:30,(anonymous_2)
FN:35,(anonymous_3)
FN:41,(anonymous_4)
FN:51,(anonymous_5)
FN:71,(anonymous_6)
FN:108,(anonymous_7)
FN:110,(anonymous_8)
FN:112,(anonymous_9)
FN:123,(anonymous_10)
FN:129,(anonymous_11)
FN:131,(anonymous_12)
FNF:13
FNH:0
FNDA:0,(anonymous_0)
FNDA:0,(anonymous_1)
FNDA:0,(anonymous_2)
FNDA:0,(anonymous_3)
FNDA:0,(anonymous_4)
FNDA:0,(anonymous_5)
FNDA:0,(anonymous_6)
FNDA:0,(anonymous_7)
FNDA:0,(anonymous_8)
FNDA:0,(anonymous_9)
FNDA:0,(anonymous_10)
FNDA:0,(anonymous_11)
FNDA:0,(anonymous_12)
DA:1,0
DA:2,0
DA:9,0
DA:14,0
DA:15,0
DA:16,0
DA:20,0
DA:24,0
DA:31,0
DA:32,0
DA:36,0
DA:37,0
DA:38,0
DA:42,0
DA:43,0
DA:45,0
DA:47,0
DA:49,0
DA:50,0
DA:51,0
DA:52,0
DA:53,0
DA:54,0
DA:55,0
DA:56,0
DA:58,0
DA:60,0
DA:61,0
DA:62,0
DA:64,0
DA:66,0
DA:67,0
DA:72,0
DA:75,0
DA:76,0
DA:77,0
DA:80,0
DA:82,0
DA:83,0
DA:85,0
DA:86,0
DA:87,0
DA:88,0
DA:89,0
DA:90,0
DA:91,0
DA:92,0
DA:93,0
DA:94,0
DA:95,0
DA:96,0
DA:97,0
DA:99,0
DA:103,0
DA:104,0
DA:105,0
DA:109,0
DA:110,0
DA:111,0
DA:112,0
DA:113,0
DA:115,0
DA:117,0
DA:124,0
DA:125,0
DA:126,0
DA:128,0
DA:129,0
DA:130,0
DA:131,0
DA:132,0
DA:134,0
DA:136,0
DA:137,0
DA:139,0
DA:141,0
LF:76
LH:0
BRDA:43,0,0,0
BRDA:52,1,0,0
BRDA:55,2,0,0
BRDA:61,3,0,0
BRDA:64,4,0,0
BRDA:64,4,1,0
BRDA:75,5,0,0
BRDA:77,6,0,0
BRDA:77,6,1,0
BRDA:86,7,0,0
BRDA:88,8,0,0
BRDA:91,9,0,0
BRDA:93,10,0,0
BRDA:95,11,0,0
BRDA:95,11,1,0
BRDA:113,12,0,0
BRDA:115,13,0,0
BRDA:115,13,1,0
BRDA:125,14,0,0
BRDA:134,15,0,0
BRDA:134,15,1,0
BRDA:136,16,0,0
BRDA:136,16,1,0
BRF:23
BRH:0
end_of_record
TN:
SF:app/scripts/pages/setting/SetRegion.ts
FN:7,(anonymous_7)
FN:12,(anonymous_8)
FN:16,(anonymous_9)
FN:30,(anonymous_11)
FN:61,(anonymous_12)
FN:64,(anonymous_13)
FN:65,(anonymous_14)
FNF:7
FNH:0
FNDA:0,(anonymous_7)
FNDA:0,(anonymous_8)
FNDA:0,(anonymous_9)
FNDA:0,(anonymous_11)
FNDA:0,(anonymous_12)
FNDA:0,(anonymous_13)
FNDA:0,(anonymous_14)
DA:1,0
DA:2,0
DA:4,0
DA:8,0
DA:9,0
DA:13,0
DA:17,0
DA:18,0
DA:19,0
DA:20,0
DA:21,0
DA:25,0
DA:26,0
DA:31,0
DA:32,0
DA:36,0
DA:38,0
DA:40,0
DA:41,0
DA:43,0
DA:44,0
DA:45,0
DA:46,0
DA:47,0
DA:48,0
DA:49,0
DA:50,0
DA:52,0
DA:53,0
DA:54,0
DA:56,0
DA:58,0
DA:63,0
DA:64,0
DA:65,0
DA:67,0
DA:69,0
DA:70,0
DA:72,0
DA:74,0
LF:40
LH:0
BRDA:31,0,0,0
BRDA:45,1,0,0
BRDA:49,2,0,0
BRDA:53,3,0,0
BRDA:67,4,0,0
BRDA:67,4,1,0
BRDA:69,5,0,0
BRDA:69,5,1,0
BRF:8
BRH:0
end_of_record
TN:
SF:app/scripts/pages/setting/SetStorage.ts
FN:9,(anonymous_7)
FN:19,(anonymous_8)
FN:30,(anonymous_9)
FN:38,(anonymous_10)
FN:53,(anonymous_12)
FNF:5
FNH:0
FNDA:0,(anonymous_7)
FNDA:0,(anonymous_8)
FNDA:0,(anonymous_9)
FNDA:0,(anonymous_10)
FNDA:0,(anonymous_12)
DA:1,0
DA:2,0
DA:5,0
DA:10,0
DA:11,0
DA:14,0
DA:20,0
DA:24,0
DA:31,0
DA:35,0
DA:39,0
DA:40,0
DA:41,0
DA:42,0
DA:43,0
DA:46,0
DA:48,0
DA:49,0
DA:54,0
DA:57,0
LF:20
LH:0
BRF:0
BRH:0
end_of_record
TN:
SF:app/scripts/pages/setting/index.ts
FNF:0
FNH:0
DA:1,0
DA:2,0
DA:3,0
DA:4,0
DA:5,0
DA:6,0
DA:8,0
DA:9,0
DA:10,0
DA:11,0
DA:12,0
DA:13,0
LF:12
LH:0
BRF:0
BRH:0
end_of_record
TN:
SF:app/scripts/utils/CustomEventEmitter.ts
FN:4,(anonymous_0)
FN:8,(anonymous_1)
FN:15,(anonymous_2)
FN:22,(anonymous_3)
FNF:4
FNH:0
FNDA:0,(anonymous_0)
FNDA:0,(anonymous_1)
FNDA:0,(anonymous_2)
FNDA:0,(anonymous_3)
DA:5,0
DA:9,0
DA:16,0
DA:23,0
DA:27,0
LF:5
LH:0
BRDA:22,0,0,0
BRF:1
BRH:0
end_of_record
TN:
SF:app/scripts/utils/CustomFetch.ts
FN:5,(anonymous_7)
FN:16,(anonymous_8)
FNF:2
FNH:0
FNDA:0,(anonymous_7)
FNDA:0,(anonymous_8)
DA:6,0
DA:17,0
DA:22,0
DA:23,0
DA:24,0
DA:25,0
DA:27,0
DA:28,0
DA:30,0
DA:31,0
DA:37,0
LF:11
LH:0
BRDA:5,0,0,0
BRDA:24,1,0,0
BRF:2
BRH:0
end_of_record
TN:
SF:app/scripts/utils/Observer.ts
FN:5,(anonymous_0)
FN:7,(anonymous_1)
FN:13,(anonymous_2)
FN:17,(anonymous_3)
FN:21,(anonymous_4)
FN:25,(anonymous_5)
FN:29,(anonymous_6)
FNF:7
FNH:0
FNDA:0,(anonymous_0)
FNDA:0,(anonymous_1)
FNDA:0,(anonymous_2)
FNDA:0,(anonymous_3)
FNDA:0,(anonymous_4)
FNDA:0,(anonymous_5)
FNDA:0,(anonymous_6)
DA:1,0
DA:6,0
DA:7,0
DA:8,0
DA:14,0
DA:18,0
DA:22,0
DA:29,0
DA:30,0
DA:31,0
DA:32,0
LF:11
LH:0
BRDA:30,0,0,0
BRF:1
BRH:0
end_of_record
TN:
SF:app/scripts/utils/index.ts
FN:1,(anonymous_1)
FN:2,(anonymous_2)
FN:3,(anonymous_3)
FNF:3
FNH:0
FNDA:0,(anonymous_1)
FNDA:0,(anonymous_2)
FNDA:0,(anonymous_3)
DA:1,0
DA:2,0
DA:3,0
LF:3
LH:0
BRF:0
BRH:0
end_of_record
TN:
SF:server/apiHandlers.ts
FN:8,(anonymous_8)
FN:8,(anonymous_9)
FN:18,searchNaverBook
FN:41,(anonymous_12)
FN:54,librarySearch
FN:69,(anonymous_15)
FN:79,bookExist
FN:96,usageAnalysisList
FN:108,(anonymous_20)
FN:111,(anonymous_21)
FN:114,(anonymous_22)
FN:117,(anonymous_23)
FN:120,(anonymous_24)
FN:138,librarySearchByBook
FN:153,(anonymous_27)
FNF:15
FNH:0
FNDA:0,(anonymous_8)
FNDA:0,(anonymous_9)
FNDA:0,searchNaverBook
FNDA:0,(anonymous_12)
FNDA:0,librarySearch
FNDA:0,(anonymous_15)
FNDA:0,bookExist
FNDA:0,usageAnalysisList
FNDA:0,(anonymous_20)
FNDA:0,(anonymous_21)
FNDA:0,(anonymous_22)
FNDA:0,(anonymous_23)
FNDA:0,(anonymous_24)
FNDA:0,librarySearchByBook
FNDA:0,(anonymous_27)
DA:2,0
DA:3,0
DA:5,0
DA:6,0
DA:8,0
DA:9,0
DA:10,0
DA:11,0
DA:14,0
DA:18,0
DA:19,0
DA:20,0
DA:25,0
DA:29,0
DA:30,0
DA:31,0
DA:32,0
DA:33,0
DA:35,0
DA:36,0
DA:41,0
DA:45,0
DA:50,0
DA:54,0
DA:55,0
DA:56,0
DA:61,0
DA:62,0
DA:63,0
DA:64,0
DA:69,0
DA:71,0
DA:73,0
DA:74,0
DA:79,0
DA:80,0
DA:81,0
DA:85,0
DA:86,0
DA:87,0
DA:88,0
DA:90,0
DA:91,0
DA:96,0
DA:97,0
DA:98,0
DA:102,0
DA:103,0
DA:105,0
DA:107,0
DA:108,0
DA:110,0
DA:111,0
DA:113,0
DA:114,0
DA:116,0
DA:117,0
DA:119,0
DA:120,0
DA:123,0
DA:132,0
DA:133,0
DA:138,0
DA:139,0
DA:140,0
DA:145,0
DA:146,0
DA:147,0
DA:148,0
DA:153,0
DA:156,0
DA:157,0
LF:72
LH:0
BRDA:10,0,0,0
BRDA:87,1,0,0
BRDA:87,1,1,0
BRDA:87,2,0,0
BRDA:87,2,1,0
BRF:5
BRH:0
end_of_record
TN:
SF:server/apiRoutes.ts
FN:10,(anonymous_0)
FNF:1
FNH:0
FNDA:0,(anonymous_0)
DA:2,0
DA:10,0
DA:11,0
DA:12,0
DA:13,0
DA:14,0
DA:15,0
LF:7
LH:0
BRF:0
BRH:0
end_of_record
TN:
SF:server/config.ts
FNF:0
FNH:0
DA:1,0
DA:2,0
DA:4,0
DA:5,0
DA:6,0
DA:7,0
DA:8,0
DA:10,0
DA:11,0
DA:13,0
LF:10
LH:0
BRDA:5,0,0,0
BRDA:5,0,1,0
BRDA:6,1,0,0
BRDA:6,1,1,0
BRF:4
BRH:0
end_of_record
TN:
SF:server/index.ts
FN:15,(anonymous_1)
FNF:1
FNH:0
FNDA:0,(anonymous_1)
DA:1,0
DA:2,0
DA:3,0
DA:4,0
DA:5,0
DA:7,0
DA:9,0
DA:11,0
DA:13,0
DA:15,0
DA:16,0
DA:19,0
DA:20,0
LF:13
LH:0
BRF:0
BRH:0
end_of_record
TN:
SF:server/staticRoutes.ts
FN:6,(anonymous_1)
FN:8,(anonymous_2)
FN:9,(anonymous_3)
FN:11,(anonymous_4)
FNF:4
FNH:0
FNDA:0,(anonymous_1)
FNDA:0,(anonymous_2)
FNDA:0,(anonymous_3)
FNDA:0,(anonymous_4)
DA:1,0
DA:2,0
DA:4,0
DA:6,0
DA:7,0
DA:8,0
DA:9,0
DA:10,0
DA:11,0
DA:12,0
DA:13,0
DA:14,0
DA:16,0
LF:13
LH:0
BRDA:12,0,0,0
BRF:1
BRH:0
end_of_record
TN:
SF:server/watchAndCopy.ts
FN:7,(anonymous_1)
FN:16,(anonymous_2)
FN:20,(anonymous_3)
FN:21,(anonymous_4)
FN:24,(anonymous_5)
FN:26,(anonymous_6)
FN:37,(anonymous_7)
FN:41,(anonymous_8)
FN:45,(anonymous_9)
FNF:9
FNH:0
FNDA:0,(anonymous_1)
FNDA:0,(anonymous_2)
FNDA:0,(anonymous_3)
FNDA:0,(anonymous_4)
FNDA:0,(anonymous_5)
FNDA:0,(anonymous_6)
FNDA:0,(anonymous_7)
FNDA:0,(anonymous_8)
FNDA:0,(anonymous_9)
DA:1,0
DA:2,0
DA:3,0
DA:4,0
DA:5,0
DA:7,0
DA:8,0
DA:9,0
DA:11,0
DA:16,0
DA:17,0
DA:18,0
DA:20,0
DA:21,0
DA:24,0
DA:25,0
DA:26,0
DA:27,0
DA:28,0
DA:29,0
DA:32,0
DA:36,0
DA:38,0
DA:39,0
DA:42,0
DA:43,0
DA:46,0
DA:47,0
LF:28
LH:0
BRDA:27,0,0,0
BRF:1
BRH:0
end_of_record
